2026-04-06 23:36:43,087 [INFO] ======================================================================
2026-04-06 23:36:43,088 [INFO] PHASE 2: ADAPTIVE KALMAN FILTERING
2026-04-06 23:36:43,088 [INFO] ======================================================================
2026-04-06 23:36:43,088 [INFO] Loading config from: D:\tinhtuc_insar_project\config\model_hyperparams.yaml
2026-04-06 23:36:43,104 [INFO] Loading Phase 1 outputs...
2026-04-06 23:36:43,107 [INFO]   Displacement shape: (60, 95, 95)
2026-04-06 23:36:43,107 [INFO]   Coherence shape: (95, 95), range=[0.500, 0.900]
2026-04-06 23:36:43,107 [INFO]   Time steps: 60
2026-04-06 23:36:43,108 [INFO]   Velocity range: [-9.4, 11.1] mm/yr
2026-04-06 23:36:43,108 [INFO] Creating Adaptive Kalman configuration...
2026-04-06 23:37:09,440 [INFO] ======================================================================
2026-04-06 23:37:09,440 [INFO] PHASE 2: ADAPTIVE KALMAN FILTERING
2026-04-06 23:37:09,440 [INFO] ======================================================================
2026-04-06 23:37:09,440 [INFO] Loading config from: D:\tinhtuc_insar_project\config\model_hyperparams.yaml
2026-04-06 23:37:09,451 [INFO] Loading Phase 1 outputs...
2026-04-06 23:37:09,453 [INFO]   Displacement shape: (60, 95, 95)
2026-04-06 23:37:09,453 [INFO]   Coherence shape: (95, 95), range=[0.500, 0.900]
2026-04-06 23:37:09,454 [INFO]   Time steps: 60
2026-04-06 23:37:09,454 [INFO]   Velocity range: [-9.4, 11.1] mm/yr
2026-04-06 23:37:09,454 [INFO] Creating Adaptive Kalman configuration...
2026-04-06 23:37:09,454 [INFO]   Q_disp_base: 0.5 mm²/day²
2026-04-06 23:37:09,455 [INFO]   Q_vel_base: 0.01 mm²/day²
2026-04-06 23:37:09,455 [INFO]   R_base: 2.0 mm²
2026-04-06 23:37:09,455 [INFO]   Coherence thresholds: [0.4, 0.7]
2026-04-06 23:37:09,455 [INFO]   Adaptivity factor: 1.0
2026-04-06 23:37:09,455 [INFO] Initializing Adaptive Kalman Filter...
2026-04-06 23:37:09,455 [INFO] R (measurement noise) range: [1.25, 1.67] mm
2026-04-06 23:37:09,456 [INFO] Q_disp (process noise for displacement) range: [0.500, 1.500] mm²
2026-04-06 23:37:09,456 [INFO] Initialized AdaptiveKalmanFilter 95x95
2026-04-06 23:37:09,457 [INFO]   R_map range: [1.250, 1.666]
2026-04-06 23:37:09,457 [INFO]   Q_disp_map range: [0.500, 1.500]
2026-04-06 23:37:09,457 [INFO]   Q_vel_map range: [0.010, 0.040]
2026-04-06 23:37:09,457 [INFO] Applying Kalman Filter to displacement time series...
2026-04-06 23:37:09,458 [INFO] Filtering 60 time steps, 95x95 pixels...
2026-04-06 23:37:20,111 [INFO] ======================================================================
2026-04-06 23:37:20,111 [INFO] PHASE 2: ADAPTIVE KALMAN FILTERING
2026-04-06 23:37:20,112 [INFO] ======================================================================
2026-04-06 23:37:20,112 [INFO] Loading config from: D:\tinhtuc_insar_project\config\model_hyperparams.yaml
2026-04-06 23:37:20,122 [INFO] Loading Phase 1 outputs...
2026-04-06 23:37:20,125 [INFO]   Displacement shape: (60, 95, 95)
2026-04-06 23:37:20,125 [INFO]   Coherence shape: (95, 95), range=[0.500, 0.900]
2026-04-06 23:37:20,126 [INFO]   Time steps: 60
2026-04-06 23:37:20,126 [INFO]   Velocity range: [-9.4, 11.1] mm/yr
2026-04-06 23:37:20,126 [INFO] Creating Adaptive Kalman configuration...
2026-04-06 23:37:20,126 [INFO]   Q_disp_base: 0.5 mm²/day²
2026-04-06 23:37:20,127 [INFO]   Q_vel_base: 0.01 mm²/day²
2026-04-06 23:37:20,127 [INFO]   R_base: 2.0 mm²
2026-04-06 23:37:20,128 [INFO]   Coherence thresholds: [0.4, 0.7]
2026-04-06 23:37:20,128 [INFO]   Adaptivity factor: 1.0
2026-04-06 23:37:20,128 [INFO] Initializing Adaptive Kalman Filter...
2026-04-06 23:37:20,129 [INFO] R (measurement noise) range: [1.25, 1.67] mm
2026-04-06 23:37:20,130 [INFO] Q_disp (process noise for displacement) range: [0.500, 1.500] mm²
2026-04-06 23:37:20,130 [INFO] Initialized AdaptiveKalmanFilter 95x95
2026-04-06 23:37:20,130 [INFO]   R_map range: [1.250, 1.666]
2026-04-06 23:37:20,130 [INFO]   Q_disp_map range: [0.500, 1.500]
2026-04-06 23:37:20,131 [INFO]   Q_vel_map range: [0.010, 0.040]
2026-04-06 23:37:20,131 [INFO] Applying Kalman Filter to displacement time series...
2026-04-06 23:37:20,132 [INFO] Filtering 60 time steps, 95x95 pixels...
2026-04-06 23:37:21,180 [INFO]   Processed time step 6/60
2026-04-06 23:37:21,829 [INFO] ======================================================================
2026-04-06 23:37:21,829 [INFO] PHASE 2: ADAPTIVE KALMAN FILTERING
2026-04-06 23:37:21,829 [INFO] ======================================================================
2026-04-06 23:37:21,829 [INFO] Loading config from: D:\tinhtuc_insar_project\config\model_hyperparams.yaml
2026-04-06 23:37:21,842 [INFO] Loading Phase 1 outputs...
2026-04-06 23:37:21,844 [INFO]   Displacement shape: (60, 95, 95)
2026-04-06 23:37:21,844 [INFO]   Coherence shape: (95, 95), range=[0.500, 0.900]
2026-04-06 23:37:21,845 [INFO]   Time steps: 60
2026-04-06 23:37:21,845 [INFO]   Velocity range: [-9.4, 11.1] mm/yr
2026-04-06 23:37:21,845 [INFO] Creating Adaptive Kalman configuration...
2026-04-06 23:37:21,845 [INFO]   Q_disp_base: 0.5 mm²/day²
2026-04-06 23:37:21,845 [INFO]   Q_vel_base: 0.01 mm²/day²
2026-04-06 23:37:21,845 [INFO]   R_base: 2.0 mm²
2026-04-06 23:37:21,846 [INFO]   Coherence thresholds: [0.4, 0.7]
2026-04-06 23:37:21,846 [INFO]   Adaptivity factor: 1.0
2026-04-06 23:37:21,846 [INFO] Initializing Adaptive Kalman Filter...
2026-04-06 23:37:21,846 [INFO] R (measurement noise) range: [1.25, 1.67] mm
2026-04-06 23:37:21,847 [INFO] Q_disp (process noise for displacement) range: [0.500, 1.500] mm²
2026-04-06 23:37:21,847 [INFO] Initialized AdaptiveKalmanFilter 95x95
2026-04-06 23:37:21,847 [INFO]   R_map range: [1.250, 1.666]
2026-04-06 23:37:21,847 [INFO]   Q_disp_map range: [0.500, 1.500]
2026-04-06 23:37:21,848 [INFO]   Q_vel_map range: [0.010, 0.040]
2026-04-06 23:37:21,848 [INFO] Applying Kalman Filter to displacement time series...
2026-04-06 23:37:21,849 [INFO] Filtering 60 time steps, 95x95 pixels...
2026-04-06 23:37:22,860 [INFO]   Processed time step 6/60
2026-04-06 23:37:23,919 [INFO]   Processed time step 12/60
2026-04-06 23:37:25,002 [INFO]   Processed time step 18/60
2026-04-06 23:37:26,123 [INFO]   Processed time step 24/60
2026-04-06 23:37:27,225 [INFO]   Processed time step 30/60
2026-04-06 23:37:28,328 [INFO]   Processed time step 36/60
2026-04-06 23:37:29,420 [INFO]   Processed time step 42/60
2026-04-06 23:37:30,513 [INFO]   Processed time step 48/60
2026-04-06 23:37:31,603 [INFO]   Processed time step 54/60
2026-04-06 23:37:32,696 [INFO]   Processed time step 60/60
2026-04-06 23:37:32,696 [INFO] Filtering complete. Displacement range: [-86.1, 80.1] mm
2026-04-06 23:37:32,697 [INFO]   Filtered displacement range: [-86.1, 80.1] mm
2026-04-06 23:37:32,698 [INFO]   Uncertainty range: [1.16, 1.67] mm
2026-04-06 23:37:32,698 [INFO] Computing filtering statistics...
2026-04-06 23:37:32,708 [INFO]   Variance reduction: 19.27 → 19.14 mm² (+0.7%)
2026-04-06 23:37:32,708 [INFO]   High-coherence region: +0.6% reduction
2026-04-06 23:37:32,708 [INFO]   Low-coherence region: +0.0% reduction
2026-04-06 23:37:32,708 [INFO]   Mean uncertainty: 1.52 mm
2026-04-06 23:37:32,708 [INFO] Saving outputs...
2026-04-06 23:37:32,717 [INFO]   Saved to: D:\tinhtuc_insar_project\outputs/
2026-04-06 23:37:32,717 [INFO]   Report: D:\tinhtuc_insar_project\outputs\kalman_filtering_report.txt
2026-04-06 23:37:32,718 [INFO] ✓ Phase 2 COMPLETE - Ready for Phase 3 (Transformer)
2026-04-06 23:37:49,718 [INFO] ======================================================================
2026-04-06 23:37:49,718 [INFO] PHASE 2: ADAPTIVE KALMAN FILTERING (FAST)
2026-04-06 23:37:49,719 [INFO] ======================================================================
2026-04-06 23:37:49,729 [INFO] Loading Phase 1 outputs...
2026-04-06 23:37:49,732 [INFO]   Displacement shape: (60, 95, 95)
2026-04-06 23:37:49,733 [INFO]   Coherence range: [0.500, 0.900]
2026-04-06 23:37:49,733 [INFO]   Time steps: 60
2026-04-06 23:37:49,733 [INFO] Applying fast Adaptive Kalman Filter...
2026-04-06 23:37:49,734 [INFO] R_map range: [1.739, 2.666]
2026-04-06 23:37:49,735 [INFO] Q_disp_map range: [0.500, 4.119]
2026-04-06 23:37:49,736 [INFO]   Processed time step 10/60
2026-04-06 23:37:49,738 [INFO]   Processed time step 20/60
2026-04-06 23:37:49,739 [INFO]   Processed time step 30/60
2026-04-06 23:37:49,740 [INFO]   Processed time step 40/60
2026-04-06 23:37:49,741 [INFO]   Processed time step 50/60
2026-04-06 23:37:49,742 [INFO]   Processed time step 60/60
2026-04-06 23:37:49,742 [INFO] Computing filtering statistics...
2026-04-06 23:37:49,751 [INFO]   Variance reduction: 19.27 → 19.18 mm² (+0.5%)
2026-04-06 23:37:49,751 [INFO]   High-coherence: +0.4% reduction
2026-04-06 23:37:49,751 [INFO]   Low-coherence: +0.0% reduction
2026-04-06 23:37:49,751 [INFO]   Mean uncertainty: 1.52 mm
2026-04-06 23:37:49,751 [INFO] Saving outputs...
2026-04-06 23:37:49,757 [INFO]   Saved to: D:\tinhtuc_insar_project\outputs/
2026-04-06 23:37:49,758 [INFO] ✓ Phase 2 COMPLETE - Ready for Phase 3 (Transformer)
